# Session Log - 20260107_121434

## 🕐 12:14:34 Session 开始

### 📊 当前状态
- 房间: E13S35 @ shard3
- Level: 3 (进度: 4,243/135,000)
- Creeps: 10 (19 WORK)
- 能量: 264/550
- CPU: 4.03/20 (20%)
- Safe Mode 储备: 2

### 🏗️ 建造队列
- Tower: 3230/5000 (64.6%) - 关键!
- Extension x4: 0/12000
- Rampart x1: 0/1

### 🔍 周围环境
- E12S35 (←): 玩家 Level 3, 有 Spawn, 6 Creeps
- E14S35 (→): Source Keeper 房间
- E13S34 (↑): 无人控制
- E13S36 (↓): 有 Spawn, 20 Extension, 1 Tower - 潜在威胁!

### 💭 分析
1. Tower 已建造 64.6%，是当前最重要的防御建筑
2. 南边 E13S36 有活跃玩家，20 Extension + Tower，比我们强
3. 西边 E12S35 也有 Level 3 玩家
4. 需要尽快完成 Tower 建造

### 📋 本次 Session 目标
1. 检查代码运行情况
2. 确保 Tower 建造优先
3. 评估邻居威胁等级

