# Session Log - 20260107_142318

## 🕐 14:23:18 Session 开始

### 📊 游戏状态摘要
- **房间**: E13S35 @ shard3
- **Level**: 3 (进度: 12,073/45,000)
- **Creeps**: 8 个 (15 WORK)
- **能量**: 600/600 (满)
- **CPU**: 3.18/20 (16%) - 非常健康
- **Safe Mode**: 激活中 (剩余约 76,628,783 ticks)
- **Safe Mode 储备**: 2 次

### 🔍 周围房间威胁评估
| 方向 | 房间 | 状态 | 威胁等级 |
|------|------|------|----------|
| ← | E12S35 | 玩家控制 Level 3 | 🟡 中等 |
| → | E14S35 | Source Keeper 房间 | 🟢 无威胁 |
| ↑ | E13S34 | 空房间 | 🟢 无威胁 |
| ↓ | E13S36 | 玩家控制 (20 ext, 1 tower) | 🟠 较高 |

### 💭 初步分析
1. Safe Mode 激活中，当前安全
2. Level 3 已解锁 Tower，已有 1 个 Tower
3. 正在建造 3 个 Extension (6/10 已完成)
4. 南边邻居 E13S36 发展较快 (20 extension)，需关注
5. CPU 使用率极低 (16%)，有优化空间

## 🕐 14:23:18 项目审视

