# Session Log - 20260107_133615

## 🕐 13:36:15 状态检查

### 💭 思考
- Level 3 房间，能量 153/600 较低
- 8 个 Creep (14 WORK)，正常运行
- CPU 1.99/20 (10%)，非常健康
- Safe Mode 储备 2 次，安全
- 左邻 E12S35 有玩家 Level 3
- 下方 E13S36 有 Spawn + 20 Extension + Tower，可能是更强玩家
- 正在建造 3 个 Extension (346/9000)

### 📊 当前状态
- 控制器: Level 3, 进度 9,357/45,000
- 能量容量: 600 (Spawn 300 + 6 Extension 300)
- 防御: 1 Tower, 2 Rampart, 51 Wall
- Source 利用率: ~85%

### 🔍 威胁评估
- E12S35: Level 3 玩家，6 creeps - 同级威胁
- E13S36: 有 Spawn + 20 Extension + Tower - 较强邻居
- E14S35: Keeper lair 房间 - NPC 区域
- E13S34: 空房间 - 安全

