# Session Log - 20260107_133329

## 🕐 13:33 Session 开始

### 💭 思考

**当前状态分析:**
- Level 3, 进度 9,229/45,000 (20.5% 到 Level 4)
- 9 Creeps (14 WORK): 4 harvester, 3 builder, 2 upgrader
- 能量满载: 600/600
- CPU: 3.94/20 (20% - 非常健康)
- Safe Mode 储备: 2 次
- Tower: 1 座，已满能量
- Rampart: 2 座，保护 Spawn 和 Tower
- Extension: 6 座 (满 Level 3 需要 10 座)
- 建造队列: 3 个 Extension (146/9000)

**进度对比 (vs 上次 13:30):**
- 建造了 4 个 Extension (从 2 -> 6)
- Rampart x2 已完工
- Creeps 从 10 -> 9 (可能有过期)

**系统运行状态:**
✅ 代码运行正常 (CPU 3.94/20)
✅ 能量流正常 (600/600 满载)
✅ 防御已建立 (Tower + Rampart)
✅ 正在建造更多 Extension

### 📋 威胁评估

| 方向 | 房间 | 状态 | 威胁 |
|------|------|------|------|
| ← | E12S35 | Level 3 玩家 | 🟡 中 |
| → | E14S35 | Keeper Lair | 🟢 低 |
| ↑ | E13S34 | 空房间 | 🟢 低 |
| ↓ | E13S36 | Level 4+ 玩家 | 🟠 高 |

**关键发现:**
- E13S36 玩家有 20 Extension + Tower，说明至少 Level 4
- 这个玩家正在大规模建设 (94 construction sites)
- 是目前最大的潜在威胁

### 🎯 当前优先级

1. ✅ 防御基础已建立 (Tower + Rampart)
2. ⏳ 继续建造 Extension (当前 6/10)
3. ⏳ 升级 Controller 到 Level 4 (9,229/45,000)
4. 📊 监控邻居动态

### 📊 系统状态评估

**殖民地健康:** ✅ 良好
- 能量流正常
- Creep 数量稳定
- 防御已就绪
- CPU 使用率低

**下一步行动:**
- 系统运行稳定，无需干预
- 继续监控建造进度
- 关注 Level 4 升级 (还需 35,771 能量)

---

## 📈 统计

- Game.time: 76,625,800
- CPU: 3.94/20 (20%)
- Creeps: 9 (目标: 4 harvester + 2 builder + 2 upgrader = 8)
- WORK parts: 14
- Extension 进度: 6/10
- Controller 进度: 9,229/45,000 (20.5%)

