
## 🕐 12:24 状态分析

### 📊 当前状态
- Level 3, 进度: 4,590/45,000 (10.2%)
- Tower 建造进度: 3900/5000 (78%) - 还需 1100 能量
- Safe Mode 激活中，有大量 ticks 保护
- Creeps: 10个 (18 WORK)
  - harvester: 4 (目标: 4) ✓
  - builder: 3 (目标: 2) - 超出目标
  - upgrader: 3 (目标: 2) - 超出目标

### 💭 分析
1. **Tower 即将完成**: 还需 1100 能量，Builder 正在建造
2. **Creep 数量正常**: harvester 满足目标，其他角色超出但无害
3. **能量低 (33/550)**: 能量被消耗在建造上，正常现象
4. **周围威胁**:
   - E12S35: Level 3 玩家，同级别
   - E13S36: Level 4+ 玩家，有 Tower + 20 Extension，威胁较高

### 📋 决策
- 系统运行正常，Tower 即将完成
- 无需修改代码，继续监控
- 更新情报记录


## 🕐 12:24 状态分析

### 📊 当前状态
- Level 3, 进度: 4,590/45,000 (10.2%)
- Tower 建造进度: 3900/5000 (78%) - 还需 1100 能量
- Safe Mode 激活中，有大量 ticks 保护
- Creeps: 10个 (18 WORK)
  - harvester: 4 (目标: 4) ✓
  - builder: 3 (目标: 2) - 超出目标
  - upgrader: 3 (目标: 2) - 超出目标

### 💭 分析
1. **Tower 即将完成**: 还需 1100 能量，Builder 正在建造
2. **Creep 数量正常**: harvester 满足目标，其他角色超出但无害
3. **能量低 (33/550)**: 能量被消耗在建造上，正常现象
4. **周围威胁**:
   - E12S35: Level 3 玩家，同级别
   - E13S36: Level 4+ 玩家，有 Tower + 20 Extension，威胁较高

### 📋 决策
- 系统运行正常，Tower 即将完成
- 无需修改代码，继续监控
- 更新情报记录
