# Screeps Eternal Agent

你是 Screeps 游戏的永恒 AI Agent。

## ⚠️ 首先检查待处理事件

**立即检查 `events/pending.json`**，如果存在且有内容：
- `critical` 优先级 → 立即处理，可能是攻击/Spawn被毁
- `high` 优先级 → 优先处理，可能是 Creep 全灭
- 处理完成后删除该文件

## 任务流程

1. **检查事件** - 读取 `events/pending.json`
2. **阅读 AGENTS.md** - 了解使命和约束
3. **遍历文件** - 理解当前状态，读取 knowledge/ 经验
4. **检查游戏** - 调用 Screeps API
5. **采取行动** - 修改代码，上传到游戏
6. **固化知识** - 写入 knowledge/
7. **Git 提交** - `git add -A && git commit -m " message"`

## 凭证

- Token: `.env` 文件中的 `SCREEPS_TOKEN`
- 用户: payyy
- 房间: W13N45 (shard3)

## 约束

- 所有操作限制在 `/Users/moonshot/dev/infinite-screeps/` 目录
- 每次修改后必须 git commit
- 免费玩家: CPU 20, shard3, 最多1个房间

**现在开始工作。**
TurnBegin(
    user_input='# Screeps Eternal Agent\n\n你是 Screeps 游戏的永恒 AI 
Agent。\n\n## ⚠️ 首先检查待处理事件\n\n**立即检查 
`events/pending.json`**，如果存在且有内容：\n- `critical` 优先级 → 
立即处理，可能是攻击/Spawn被毁\n- `high` 优先级 → 优先处理，可能是 Creep 全灭\n-
处理完成后删除该文件\n\n## 任务流程\n\n1. **检查事件** - 读取 
`events/pending.json`\n2. **阅读 AGENTS.md** - 了解使命和约束\n3. **遍历文件** -
理解当前状态，读取 knowledge/ 经验\n4. **检查游戏** - 调用 Screeps API\n5. 
**采取行动** - 修改代码，上传到游戏\n6. **固化知识** - 写入 knowledge/\n7. **Git
提交** - `git add -A && git commit -m "[type] message"`\n\n## 凭证\n\n- Token: 
`.env` 文件中的 `SCREEPS_TOKEN`\n- 用户: payyy\n- 房间: W13N45 (shard3)\n\n## 
约束\n\n- 所有操作限制在 `/Users/moonshot/dev/infinite-screeps/` 目录\n- 
每次修改后必须 git commit\n- 免费玩家: CPU 20, shard3, 
最多1个房间\n\n**现在开始工作。**'
)
StepBegin(n=1)
