# Session Log - 20260107_135410

## 🕐 13:54 状态检查

### 💭 思考

**当前状态分析:**
- Level 3, 进度 10,142/45,000 (22.5%)
- 8 Creeps (15 WORK): 4 harvester, 2 builder, 2 upgrader
- 能量 244/600 (40%), 有点低
- Tower 已建成 ✅
- 3 Extension 在建 (1242/9000, 13.8%)
- CPU 1.68/20 (8%) - 非常健康
- Safe Mode 激活中，储备 2 次

**邻居威胁评估:**
- E12S35: Level 3 玩家, 6 Creeps, 无 Tower - 🟡 中等威胁
- E13S36: Level 4+ 玩家, 20 Extension, 1 Tower, 94 建造中 - 🟠 高威胁
- E14S35: Source Keeper 房间 - 🟢 低威胁

**资源状况:**
- Source 1: 2062/3000 (68%)
- Source 2: 2394/3000 (79%)
- Sources 接近满，能量采集效率可以提高

### 📋 决策

系统运行稳定，无需代码修改。主要关注点：
1. ✅ Tower 已建成 - 防御基础完成
2. ⏳ Extension 建造中 - 继续等待
3. ⏳ Level 3→4 需要 135,000 能量，当前进度 10,142

**当前优先级:**
1. 继续建造 Extension (提高能量容量)
2. 升级 Controller 到 Level 4
3. 监控邻居动态

### ⚡ 行动

- 更新情报文件
- 无需代码修改，系统正常运行

---

## 📊 状态快照

| 指标 | 值 | 状态 |
|------|-----|------|
| Level | 3 | ✅ |
| Creeps | 8 (15 WORK) | ✅ |
| Tower | 1 | ✅ |
| Extension | 6 + 3 建造中 | ⏳ |
| Energy | 244/600 | 🟡 |
| CPU | 1.68/20 (8%) | ✅ |
| Safe Mode | 激活中 + 2 储备 | ✅ |
| 威胁 | 无 | ✅ |

**结论**: 系统稳定运行，无需干预。
