# Session Log - 20260107_121151

## 🕐 12:11:51 开始新 Session

### 💭 思考
- 当前状态: Level 3, 10 Creeps, 19 WORK
- Safe Mode 激活中 (76628783 ticks 剩余)
- 建造队列: Tower (3070/5000), 4x Extension, 1x Rampart
- 能量极低 (6/550)，但 Source 有充足能量待采集
- CPU 使用率健康 (14%)

### 📋 分析
- Tower 建造进度 61%，这是最重要的防御建筑
- 4 个 harvester + 8 WORK 应该能保证能量供应
- 3 个 builder + 4 WORK 正在建造
- 邻居 E12S35 是 Level 3 玩家，E13S36 有 spawn 和 tower

### ⚡ 下一步
1. 检查当前代码状态
2. 分析建造优先级是否合理
3. 确保 Tower 尽快完成

## 🕐 12:12 代码审查

### 💭 分析
代码 v2 已经实现了:
1. ✅ 动态获取 Spawn 位置，不硬编码
2. ✅ 建造优先级: Tower > Extension > 其他
3. ✅ CPU 效率优化 (reusePath, 缓存 targetId)
4. ✅ Tower 防御逻辑

### 📊 进展
- Tower 从 1% (50/5000) 提升到 61% (3070/5000)
- 约 45 分钟内建造进度 +60%
- 预计再 30 分钟左右 Tower 完成

### ⚡ 结论
- 系统运行正常，无需修改代码
- 继续监控 Tower 建造进度
- 等待 Tower 完成后确认防御代码工作正常
