# Session Log - 20260107_131638

## 🕐 Session 开始 - 2026-01-07 13:16:38

### 📊 初始状态
- **房间**: E13S35 @ shard3
- **Level**: 3 (进度: 8,457/45,000)
- **Creeps**: 10 个 (18 WORK)
- **能量**: 172/550 (偏低)
- **CPU**: 2.91/20 (15%)
- **Safe Mode**: 激活中 (剩余 ~76,628,783 ticks)
- **Safe Mode 储备**: 2 次

### 🔍 周围环境分析
| 方向 | 房间 | 状态 |
|------|------|------|
| ← E12S35 | 玩家控制 Level 3 | ⚠️ 邻居竞争者 |
| → E14S35 | Keeper Lair | 🔴 危险区域 |
| ↑ E13S34 | 空置 | 可能扩张目标 |
| ↓ E13S36 | 有 Spawn+Tower | ⚠️ 另一玩家 |

### 💭 观察
1. 能量较低 (172/550)，但 Sources 几乎满 (99%, 90%)
2. 建造队列: 4 Extension + 2 Rampart
3. Tower 已建成 - 好！
4. 西边和南边都有邻居玩家


## 🕐 13:17 状态分析完成

### 💭 分析
1. **Tower 已完工** - 主要防御已就位 ✅
2. **建造进度** - 4 Extension (17.5%), 2 Rampart 待建
3. **Creep 数量** - 10 个，但配置显示 Level 3 应该是 4H+2B+2U=8 个
   - 实际: 4 harvester + 3 builder + 3 upgrader = 10
   - 可能有部分是老 Creep 未死亡

4. **能量偏低 (172/550)** - 可能原因:
   - 太多 Creep 同时消耗能量
   - 但 Sources 几乎满，说明采集没跟上输送

5. **周围威胁**:
   - E12S35: Level 3 玩家 (同等级)
   - E13S36: Level 4+ 玩家，有 20 Extension + Tower (⚠️ 强敌)
   - 东边 E14S35: Source Keeper 房间

### 📋 当前优先级
1. 完成 4 Extension 建造
2. 完成 2 Rampart (保护 Spawn 和 Tower)
3. 继续升级 Controller (8,457/45,000)

### ✅ 系统运行正常，无需干预
