[2026-01-07 15:48:17] [WATCHER] 游 Screeps Event Watcher v2 started
[2026-01-07 15:48:17] [AGENT] ========== Session #1 started ==========
[2026-01-07 15:48:17] [WATCHER]    WebSocket: real-time console monitoring
[2026-01-07 15:48:17] [AGENT] ID: session_1_20260107_154817
[2026-01-07 15:48:17] [WATCHER]    Polling: every 60s backup
[2026-01-07 15:48:17] [WATCHER] 
[2026-01-07 15:48:17] [WATCHER] Starting WebSocket monitor...
[2026-01-07 15:48:17] [WATCHER] WebSocket monitor started (PID: 43696)
[2026-01-07 15:48:18] [WATCHER] 游닇 Low priority events logged (priority: 3)
[2026-01-07 15:49:23] [WATCHER] 游닇 Low priority events logged (priority: 2)
[2026-01-07 15:50:27] [WATCHER] 游뚿 High priority event detected (priority: 8)
[2026-01-07 15:50:27] [WATCHER] Restarting agent...
[2026-01-07 15:50:30] [AGENT] ========== Session #1 started ==========
[2026-01-07 15:50:30] [AGENT] ID: session_1_20260107_155030
[2026-01-07 16:01:58] [WATCHER] 游닇 Low priority events logged (priority: 2)
[2026-01-07 16:03:02] [WATCHER] 游닇 Low priority events logged (priority: 2)
[2026-01-07 16:04:53] [WATCHER] 游닇 Low priority events logged (priority: 2)
[2026-01-07 16:05:58] [WATCHER] 游닇 Low priority events logged (priority: 2)
[2026-01-07 16:07:03] [WATCHER] 游닇 Low priority events logged (priority: 2)
[2026-01-07 16:08:08] [WATCHER] 游닇 Low priority events logged (priority: 2)
[2026-01-07 16:09:13] [WATCHER] 游닇 Low priority events logged (priority: 2)
[2026-01-07 16:10:18] [WATCHER] 游닇 Low priority events logged (priority: 2)
[2026-01-07 16:11:23] [WATCHER] 游닇 Low priority events logged (priority: 2)
[2026-01-07 16:12:28] [WATCHER] 游닇 Low priority events logged (priority: 2)
[2026-01-07 16:13:33] [WATCHER] 游닇 Low priority events logged (priority: 2)
[2026-01-07 16:14:38] [WATCHER] 游닇 Low priority events logged (priority: 2)
[2026-01-07 16:15:43] [WATCHER] 游닇 Low priority events logged (priority: 2)
[2026-01-07 16:16:47] [WATCHER] 游닇 Low priority events logged (priority: 2)
[2026-01-07 16:17:52] [WATCHER] 游닇 Low priority events logged (priority: 2)
[2026-01-07 16:18:57] [WATCHER] 游닇 Low priority events logged (priority: 2)
[2026-01-07 16:20:02] [WATCHER] 游닇 Low priority events logged (priority: 2)
[2026-01-07 16:21:07] [WATCHER] 游닇 Low priority events logged (priority: 2)
[2026-01-07 16:21:17] [AGENT] Session #1 ended
[2026-01-07 16:21:17] [AGENT] Next session in 30 minutes...
[2026-01-07 16:22:11] [WATCHER] 游닇 Low priority events logged (priority: 2)
[2026-01-07 16:23:16] [WATCHER] 游닇 Low priority events logged (priority: 2)
[2026-01-07 16:24:21] [WATCHER] 游닇 Low priority events logged (priority: 2)
[2026-01-07 16:25:26] [WATCHER] 游닇 Low priority events logged (priority: 2)
[2026-01-07 16:26:30] [WATCHER] 游닇 Low priority events logged (priority: 2)
[2026-01-07 16:27:35] [WATCHER] 游닇 Low priority events logged (priority: 2)
[2026-01-07 16:28:40] [WATCHER] 游닇 Low priority events logged (priority: 2)
[2026-01-07 16:29:45] [WATCHER] 游닇 Low priority events logged (priority: 2)
[2026-01-07 16:30:50] [WATCHER] 游닇 Low priority events logged (priority: 2)
[2026-01-07 16:31:55] [WATCHER] 游닇 Low priority events logged (priority: 2)
[2026-01-07 16:33:00] [WATCHER] 游닇 Low priority events logged (priority: 2)
[2026-01-07 16:34:56] [WATCHER] 游닇 Low priority events logged (priority: 2)
[2026-01-07 16:36:01] [WATCHER] 游닇 Low priority events logged (priority: 2)
[2026-01-07 16:37:06] [WATCHER] 游닇 Low priority events logged (priority: 2)
[2026-01-07 16:38:11] [WATCHER] 游닇 Low priority events logged (priority: 2)
[2026-01-07 16:39:16] [WATCHER] 游닇 Low priority events logged (priority: 2)
[2026-01-07 16:40:21] [WATCHER] 游닇 Low priority events logged (priority: 2)
[2026-01-07 16:41:26] [WATCHER] 游닇 Low priority events logged (priority: 2)
[2026-01-07 16:42:31] [WATCHER] 游닇 Low priority events logged (priority: 2)
[2026-01-07 16:43:36] [WATCHER] 游닇 Low priority events logged (priority: 2)
[2026-01-07 16:44:41] [WATCHER] 游닇 Low priority events logged (priority: 2)
[2026-01-07 16:45:46] [WATCHER] 游닇 Low priority events logged (priority: 2)
[2026-01-07 16:46:50] [WATCHER] 游닇 Low priority events logged (priority: 2)
[2026-01-07 16:47:56] [WATCHER] 游닇 Low priority events logged (priority: 2)
[2026-01-07 16:49:00] [WATCHER] 游닇 Low priority events logged (priority: 3)
[2026-01-07 16:50:05] [WATCHER] 游닇 Low priority events logged (priority: 3)
[2026-01-07 16:51:10] [WATCHER] 游닇 Low priority events logged (priority: 3)
[2026-01-07 16:52:08] [AGENT] ========== Session #2 started ==========
[2026-01-07 16:52:08] [AGENT] ID: session_2_20260107_165208
[2026-01-07 16:52:15] [WATCHER] 游닇 Low priority events logged (priority: 3)
[2026-01-07 16:53:20] [WATCHER] 游닇 Low priority events logged (priority: 3)
[2026-01-07 16:54:25] [WATCHER] 游닇 Low priority events logged (priority: 3)
[2026-01-07 16:55:30] [WATCHER] 游닇 Low priority events logged (priority: 2)
[2026-01-07 16:56:38] [WATCHER] 游닇 Low priority events logged (priority: 2)
[2026-01-07 16:57:43] [WATCHER] 游닇 Low priority events logged (priority: 2)
[2026-01-07 16:58:47] [WATCHER] 游닇 Low priority events logged (priority: 2)
[2026-01-07 16:59:52] [WATCHER] 游닇 Low priority events logged (priority: 2)
[2026-01-07 17:00:57] [WATCHER] 游닇 Low priority events logged (priority: 2)
[2026-01-07 17:02:03] [WATCHER] 游닇 Low priority events logged (priority: 2)
[2026-01-07 17:03:08] [WATCHER] 游닇 Low priority events logged (priority: 2)
[2026-01-07 17:04:13] [WATCHER] 游닇 Low priority events logged (priority: 2)
[2026-01-07 17:05:18] [WATCHER] 游닇 Low priority events logged (priority: 2)
[2026-01-07 17:06:23] [WATCHER] 游닇 Low priority events logged (priority: 2)
[2026-01-07 17:07:27] [WATCHER] 游닇 Low priority events logged (priority: 2)
[2026-01-07 17:08:32] [WATCHER] 游닇 Low priority events logged (priority: 2)
[2026-01-07 17:09:37] [WATCHER] 游닇 Low priority events logged (priority: 2)
[2026-01-07 17:10:42] [WATCHER] 游닇 Low priority events logged (priority: 2)
[2026-01-07 17:11:47] [WATCHER] 游닇 Low priority events logged (priority: 2)
[2026-01-07 17:12:52] [WATCHER] 游닇 Low priority events logged (priority: 2)
[2026-01-07 17:13:57] [WATCHER] 游닇 Low priority events logged (priority: 2)
[2026-01-07 17:15:02] [WATCHER] 游닇 Low priority events logged (priority: 2)
[2026-01-07 17:16:07] [WATCHER] 游닇 Low priority events logged (priority: 2)
[2026-01-07 17:17:12] [WATCHER] 游닇 Low priority events logged (priority: 2)
[2026-01-07 17:18:17] [WATCHER] 游닇 Low priority events logged (priority: 2)
[2026-01-07 17:19:22] [WATCHER] 游닇 Low priority events logged (priority: 2)
[2026-01-07 17:20:27] [WATCHER] 游닇 Low priority events logged (priority: 2)
[2026-01-07 17:21:32] [WATCHER] 游닇 Low priority events logged (priority: 2)
[2026-01-07 17:22:11] [AGENT] Session #2 ended
[2026-01-07 17:22:11] [AGENT] Next session in 30 minutes...
[2026-01-07 17:22:37] [WATCHER] 游닇 Low priority events logged (priority: 2)
[2026-01-07 17:23:42] [WATCHER] 游닇 Low priority events logged (priority: 2)
[2026-01-07 17:24:47] [WATCHER] 游닇 Low priority events logged (priority: 2)
[2026-01-07 17:25:52] [WATCHER] 游닇 Low priority events logged (priority: 2)
[2026-01-07 17:26:57] [WATCHER] 游닇 Low priority events logged (priority: 2)
[2026-01-07 17:28:02] [WATCHER] 游닇 Low priority events logged (priority: 2)
[2026-01-07 17:29:08] [WATCHER] 游닇 Low priority events logged (priority: 2)
[2026-01-07 17:30:13] [WATCHER] 游닇 Low priority events logged (priority: 2)
[2026-01-07 17:31:17] [WATCHER] 游닇 Low priority events logged (priority: 2)
[2026-01-07 17:32:22] [WATCHER] 游닇 Low priority events logged (priority: 2)
[2026-01-07 17:33:28] [WATCHER] 游닇 Low priority events logged (priority: 2)
[2026-01-07 17:34:33] [WATCHER] 游닇 Low priority events logged (priority: 2)
[2026-01-07 17:35:38] [WATCHER] 游닇 Low priority events logged (priority: 2)
[2026-01-07 17:36:42] [WATCHER] 游닇 Low priority events logged (priority: 2)
[2026-01-07 17:37:47] [WATCHER] 游닇 Low priority events logged (priority: 2)
[2026-01-07 17:38:52] [WATCHER] 游닇 Low priority events logged (priority: 2)
[2026-01-07 17:39:57] [WATCHER] 游닇 Low priority events logged (priority: 2)
[2026-01-07 17:40:41] [AGENT] ========== Session #1 started ==========
[2026-01-07 17:40:41] [WATCHER] 游 Screeps Event Watcher v2 started
[2026-01-07 17:40:41] [AGENT] ID: session_1_20260107_174041
[2026-01-07 17:40:41] [WATCHER]    WebSocket: real-time console monitoring
[2026-01-07 17:40:41] [WATCHER]    Polling: every 60s backup
[2026-01-07 17:40:41] [WATCHER] 
[2026-01-07 17:40:41] [WATCHER] Starting WebSocket monitor...
[2026-01-07 17:40:41] [WATCHER] WebSocket monitor started (PID: 86189)
[2026-01-07 17:40:41] [WATCHER] 游닇 Low priority events logged (priority: 2)
[2026-01-07 17:49:20] [WATCHER] 游닉 Medium priority event detected (priority: 5)
[2026-01-07 17:49:20] [WATCHER] Restarting agent...
[2026-01-07 17:49:22] [AGENT] ========== Session #1 started ==========
[2026-01-07 17:49:22] [AGENT] ID: session_1_20260107_174922
[2026-01-07 17:49:26] [AGENT] ========== Session #1 started ==========
[2026-01-07 17:49:26] [WATCHER] 游 Screeps Event Watcher v2 started
[2026-01-07 17:49:26] [AGENT] ID: session_1_20260107_174926
[2026-01-07 17:49:26] [WATCHER]    WebSocket: real-time console monitoring
[2026-01-07 17:49:26] [WATCHER]    Polling: every 60s backup
[2026-01-07 17:49:26] [WATCHER] 
[2026-01-07 17:49:26] [WATCHER] Starting WebSocket monitor...
[2026-01-07 17:49:26] [WATCHER] WebSocket monitor started (PID: 89725)
[2026-01-07 17:58:05] [WATCHER] 游닉 Medium priority event detected (priority: 5)
[2026-01-07 17:58:05] [WATCHER] Restarting agent...
[2026-01-07 17:58:07] [AGENT] ========== Session #1 started ==========
[2026-01-07 17:58:07] [AGENT] ID: session_1_20260107_175807
[2026-01-07 18:04:13] [WATCHER] 游닇 Low priority events logged (priority: 3)
[2026-01-07 18:05:17] [WATCHER] 游닇 Low priority events logged (priority: 3)
[2026-01-07 18:06:22] [WATCHER] 游닇 Low priority events logged (priority: 3)
[2026-01-07 18:07:27] [WATCHER] 游닇 Low priority events logged (priority: 3)
[2026-01-07 18:08:32] [WATCHER] 游닇 Low priority events logged (priority: 3)
[2026-01-07 18:09:37] [WATCHER] 游뚿 High priority event detected (priority: 7)
[2026-01-07 18:09:37] [WATCHER] Restarting agent...
[2026-01-07 18:09:39] [AGENT] ========== Session #1 started ==========
[2026-01-07 18:09:39] [AGENT] ID: session_1_20260107_180939
[2026-01-07 18:15:44] [WATCHER] 游뚿 High priority event detected (priority: 7)
[2026-01-07 18:15:44] [WATCHER] Restarting agent...
[2026-01-07 18:15:46] [AGENT] ========== Session #1 started ==========
[2026-01-07 18:15:46] [AGENT] ID: session_1_20260107_181546
[2026-01-07 18:21:51] [WATCHER] 游닇 Low priority events logged (priority: 2)
[2026-01-07 18:22:56] [WATCHER] 游닇 Low priority events logged (priority: 2)
[2026-01-07 18:24:01] [WATCHER] 游닇 Low priority events logged (priority: 2)
[2026-01-07 18:25:06] [WATCHER] 游닇 Low priority events logged (priority: 2)
[2026-01-07 18:26:11] [WATCHER] 游닇 Low priority events logged (priority: 2)
[2026-01-07 18:27:16] [WATCHER] 游닇 Low priority events logged (priority: 2)
[2026-01-07 18:28:21] [WATCHER] 游닇 Low priority events logged (priority: 2)
[2026-01-07 18:29:27] [WATCHER] 游닉 Medium priority event detected (priority: 6)
[2026-01-07 18:29:27] [WATCHER] Restarting agent...
[2026-01-07 18:29:29] [AGENT] ========== Session #1 started ==========
[2026-01-07 18:29:29] [AGENT] ID: session_1_20260107_182929
[2026-01-07 18:31:18] [WATCHER] 游 Screeps Event Watcher v2 started
[2026-01-07 18:31:18] [AGENT] ========== Session #1 started ==========
[2026-01-07 18:31:18] [WATCHER]    WebSocket: real-time console monitoring
[2026-01-07 18:31:18] [AGENT] ID: session_1_20260107_183118
[2026-01-07 18:31:18] [WATCHER]    Polling: every 60s backup
[2026-01-07 18:31:18] [WATCHER] 
[2026-01-07 18:31:18] [WATCHER] Starting WebSocket monitor...
[2026-01-07 18:31:18] [WATCHER] WebSocket monitor started (PID: 6113)
[2026-01-07 18:31:18] [WATCHER] 游닉 Medium priority event detected (priority: 5)
[2026-01-07 18:31:18] [WATCHER] Restarting agent...
[2026-01-07 18:31:20] [AGENT] ========== Session #1 started ==========
[2026-01-07 18:31:20] [AGENT] ID: session_1_20260107_183120
[2026-01-07 18:37:25] [WATCHER] 游닉 Medium priority event detected (priority: 5)
[2026-01-07 18:37:25] [WATCHER] Restarting agent...
[2026-01-07 18:37:27] [AGENT] ========== Session #1 started ==========
[2026-01-07 18:37:27] [AGENT] ID: session_1_20260107_183727
[2026-01-07 18:44:37] [WATCHER] 游닉 Medium priority event detected (priority: 6)
[2026-01-07 18:44:37] [WATCHER] Restarting agent...
[2026-01-07 18:44:39] [AGENT] ========== Session #1 started ==========
[2026-01-07 18:44:39] [AGENT] ID: session_1_20260107_184439
[2026-01-07 19:01:01] [WATCHER] 游 Screeps Event Watcher v2 started
[2026-01-07 19:01:01] [AGENT] ========== Session #1 started ==========
[2026-01-07 19:01:01] [WATCHER]    WebSocket: real-time console monitoring
[2026-01-07 19:01:01] [AGENT] ID: session_1_20260107_190101
[2026-01-07 19:01:01] [WATCHER]    Polling: every 60s backup
[2026-01-07 19:01:01] [WATCHER] 
[2026-01-07 19:01:02] [WATCHER] Starting WebSocket monitor...
[2026-01-07 19:01:02] [WATCHER] WebSocket monitor started (PID: 17610)
[2026-01-07 19:03:11] [WATCHER] 游닉 Medium priority event detected (priority: 5)
[2026-01-07 19:03:11] [WATCHER] Restarting agent...
[2026-01-07 19:03:13] [AGENT] ========== Session #1 started ==========
[2026-01-07 19:03:13] [AGENT] ID: session_1_20260107_190313
[2026-01-07 19:09:18] [WATCHER] 游닇 Low priority events logged (priority: 2)
[2026-01-07 19:10:10] [AGENT] ========== Session #1 started ==========
[2026-01-07 19:10:10] [WATCHER] 游 Screeps Event Watcher v2 started
[2026-01-07 19:10:10] [WATCHER]    WebSocket: real-time console monitoring
[2026-01-07 19:10:10] [AGENT] ID: session_1_20260107_191010
[2026-01-07 19:10:10] [WATCHER]    Polling: every 60s backup
[2026-01-07 19:10:10] [WATCHER] 
[2026-01-07 19:10:10] [WATCHER] Starting WebSocket monitor...
[2026-01-07 19:10:10] [WATCHER] WebSocket monitor started (PID: 21260)
[2026-01-07 19:10:10] [WATCHER] 游닇 Low priority events logged (priority: 2)
[2026-01-07 19:11:15] [WATCHER] 游닇 Low priority events logged (priority: 2)
