[Tue Jan  6 21:03:17 CST 2026] Session session_1_20260106_210133 started
[2026年 1月 6日 星期二 21时26分31秒 CST] Session session_1_20260106_212631 started
[2026-01-07 13:52:18] Session session_20260107_135138 started
[2026-01-07 15:40:50] Session check: E13S35 RCL3, 8 creeps, 7/10 ext (building 2), all healthy
[2026-01-07 15:49:15] Session check: E13S35 RCL3, 8 creeps (4h/2u/2b), 8/10 ext (building 9th at 10%), tower operational, all healthy
[2026-01-07 15:52:07] Session check: E13S35 RCL3, 8 creeps (4h/2u/2b), 8/10 ext (building 9th at 14%), tower operational, all healthy
[2026-01-07 16:54:46] Session check: E13S35 RCL3, 8 creeps (4h/2u/2b), 9/10 ext (added more build positions for 10th), tower operational, all healthy
[2026-01-07 17:50:40] Session check: E13S35 RCL3 (16.4%), 8 creeps (4h/2u/2b), 9/10 ext (10th at 78%), tower full, all healthy
[2026-01-07 17:59:21] Session check: E13S35 RCL3, 8 creeps (4h/2u/2b), 9/10 ext (10th at 93.1%), tower full, all healthy
[2026-01-07 18:39:11] Session check: E13S35 RCL3 (19.2%), 10 creeps (4h/4u/2b), 10/10 ext ✅, tower full, healthy. No pending events.
[2026-01-07 19:52:09] Session check: E13S35 RCL3 (22.3%), 6 creeps (3h/1u/2b), 10/10 ext ✅, tower operational, ramparts 201K/100K. Optimized spawning logic - wait for 550 energy before spawning (except emergency).
[2026-01-08 11:08] Session check: E13S35 RCL3 (81.9%), 7 creeps (3h/4u), 10/10 ext ✅, tower full, ramparts 500K, no hostiles, healthy. ~24K to RCL4.
[2026-01-08 11:14] Session check: E13S35 RCL3 (82.4%), 7 creeps (3h/4u), 10/10 ext ✅, tower full, ramparts 500K, no hostiles, healthy. ~23.7K to RCL4 (ETA 1-2h).
[2026-01-08 11:36] Session check: E13S35 RCL3 (84.2%), 7 creeps (3h/4u), 10/10 ext ✅, tower full, ramparts 500K, no hostiles, healthy. ~21.4K to RCL4 (ETA ~1h).
[2026-01-08 12:08] Session check: E13S35 RCL3 (86.9%), 7 creeps (3h/4u), 10/10 ext ✅, tower 992/1000, ramparts 500K, no hostiles, safe mode expired but 2 available, healthy. ~17.6K to RCL4 (ETA ~25min).
[2026-01-08 12:14] Session check: E13S35 RCL3 (87.7%), 6→7 creeps (3h/3→4u spawning), 10/10 ext ✅, tower full, ramparts 500K, no hostiles, healthy. ~16.6K to RCL4 (ETA ~20-25min).
[2026-01-08 12:27] Session check: E13S35 RCL3 (88.8%), 7 creeps (3h/4u), 10/10 ext ✅, tower full, ramparts 500K, no hostiles, healthy. ~15.1K to RCL4 (ETA ~15min).
[2026-01-08 13:34] Session check: E13S35 RCL3 (94.3%), 7 creeps (3h/4u), 10/10 ext ✅, tower full, ramparts 500K, no hostiles, healthy. ~7.6K to RCL4 (ETA ~25-38min). Code ready for RCL4 auto-build.
[2026-01-08 13:45] Session check: E13S35 RCL3 (95.1%), 7 creeps (3h/4u), 10/10 ext ✅, tower full, ramparts 500K+, no hostiles, healthy. ~6.6K to RCL4 (ETA ~10-20min). Auto-build ready.
[2026-01-08 14:06] Session check: E13S35 RCL3 (96.8%), 7 creeps (3h/4u), 10/10 ext ✅, tower full, no construction sites, all healthy. ~4.4K to RCL4 (ETA ~10min). Awaiting RCL4 upgrade!
[2026-01-08 14:57] Session check: E13S35 RCL4 ✅, 6 creeps (3h/2u/1b) → target 9 (3h/3b/3u), 10/20 ext (10 sites building), storage site building, tower 500, ramparts 500K-600K, no hostiles, safe mode active. Auto-spawning builders for construction.
[2026-01-08 16:02] Session check: E13S35 RCL4 (2.1%), 9 creeps (3h/3b/3u) - FULL, 11/20 ext (9 sites ~1.7%), storage site (0%), tower 500, ramparts 495K/879K, no hostiles, safe mode ended but 3 available. All healthy.
[2026-01-08 16:22] Session check: E13S35 RCL4 (0.9%), 10 creeps (3h/4b/3u), 11/20 ext (9 sites, 55K remaining), storage site (0%), tower 570, ramparts 969K/494K, no hostiles, safe mode ended (3 available). All healthy, building continues.
[2026-01-08 18:29] Session check: E13S35 RCL4 (1.8%), 9 creeps (3h/3b/3u), 14/20 ext (6 sites, 1 at 48%), storage site, tower 492, ramparts 1.19M/486K, no hostiles. All healthy, building continues.
[2026-01-08 19:01] Session check: E13S35 RCL4 (2.0%), 9 creeps (3h/3b/3u), 15/20 ext (5 sites + storage), tower 492, ramparts 1.19M/484K, no hostiles. All healthy, building continues.
[2026-01-08 19:28] Session check: E13S35 RCL4 (2.6%), 10 creeps (3h/4b/3u), 16/20 ext (4 sites + storage), tower 561, ramparts 1.23M/482K, no hostiles. All healthy, building continues.
[2026-01-09 01:54] Session check: E13S35 RCL4 (6.5%), 9 creeps (3h/3b/3u), 20/20 ext ✅, storage 73.4% (22K/30K), tower 518, ramparts 1.5M/475K, no hostiles, safe mode active (886 days). All healthy, building continues.
[2026-01-09 04:59] Session check: E13S35 RCL4 (9.4%), 8 creeps (3h/2b/3u), 20/20 ext ✅, storage built (0 energy), tower 498/1000, ramparts 1.5M/1.08M, no hostiles, safe mode active. All healthy, upgrading to RCL5 (~367K remaining, ~23h ETA).
[2026-01-09 05:52] Session check: E13S35 RCL4 (10.2%), 8 creeps (3h/1b/4u), 20/20 ext ✅, storage built (filling), tower 498/1000, ramparts 1.5M/1.27M, no hostiles, safe mode active. All healthy, upgrading to RCL5 (~364K remaining).
